{
  message: 'data base successfully connected',
  level: 'info',
  label: 'right meow!',
  timestamp: '2024-03-23T11:04:38.259Z'
}
{
  message: 'Example app listening on port 5000',
  level: 'info',
  label: 'right meow!',
  timestamp: '2024-03-23T11:04:38.273Z'
}
{
  message: 'data base successfully connected',
  level: 'info',
  label: 'right meow!',
  timestamp: '2024-03-23T11:18:03.299Z'
}
{
  message: 'Example app listening on port 5000',
  level: 'info',
  label: 'right meow!',
  timestamp: '2024-03-23T11:18:03.307Z'
}
{
  message: 'data base successfully connected',
  level: 'info',
  label: 'right meow!',
  timestamp: '2024-03-23T11:35:26.118Z'
}
{
  message: 'Example app listening on port 5000',
  level: 'info',
  label: 'right meow!',
  timestamp: '2024-03-23T11:35:26.126Z'
}
{
  message: 'data base successfully connected',
  level: 'info',
  label: 'right meow!',
  timestamp: '2024-03-23T11:37:34.011Z'
}
{
  message: 'Example app listening on port 5000',
  level: 'info',
  label: 'right meow!',
  timestamp: '2024-03-23T11:37:34.025Z'
}
{
  message: 'data base successfully connected',
  level: 'info',
  label: 'right meow!',
  timestamp: '2024-03-23T11:39:18.886Z'
}
{
  message: 'Example app listening on port 5000',
  level: 'info',
  label: 'right meow!',
  timestamp: '2024-03-23T11:39:18.912Z'
}
