{
  message: 'data base successfully connected',
  level: 'info',
  label: 'right meow!',
  timestamp: '2024-04-01T07:17:37.978Z'
}
{
  message: 'Example app listening on port 5000',
  level: 'info',
  label: 'right meow!',
  timestamp: '2024-04-01T07:17:37.984Z'
}
{
  message: 'data base successfully connected',
  level: 'info',
  label: 'right meow!',
  timestamp: '2024-04-01T07:19:50.923Z'
}
{
  message: 'Example app listening on port 5000',
  level: 'info',
  label: 'right meow!',
  timestamp: '2024-04-01T07:19:50.936Z'
}
